
> learnbridge-dyslexia-backend@1.0.0 start
> node server.js

All routes mounted successfully:
(node:17756) [MONGODB DRIVER] Warning: useNewUrlParser is a deprecated option: useNewUrlParser has no effect since Node.js Driver version 4.0.0 and will be removed in the next major version
(Use `node --trace-warnings ...` to show where the warning was created)
(node:17756) [MONGODB DRIVER] Warning: useUnifiedTopology is a deprecated option: useUnifiedTopology has no effect since Node.js Driver version 4.0.0 and will be removed in the next major version
[1m[32m✅ MongoDB Connected: localhost[39m[22m
[32m✅ Database connected successfully[39m
Imported authController methods: [
  'register',
  'login',
  'getProfile',
  'refreshToken',
  'forgotPassword',
  'resetPassword',
  'verifyEmail',
  'logout'
]
[31m❌ Server initialization failed:[39m Error: Route.get() requires a callback function but got a [object Undefined]
    at Route.<computed> [as get] (M:\AIR UNIVERSITY ISLAMABAD VIF\AIR_UNIVERSITY (---) SEMESTER\Final Year Project\learnbridge-dyslexia\backend\node_modules\express\lib\router\route.js:216:15)
    at proto.<computed> [as get] (M:\AIR UNIVERSITY ISLAMABAD VIF\AIR_UNIVERSITY (---) SEMESTER\Final Year Project\learnbridge-dyslexia\backend\node_modules\express\lib\router\index.js:521:19)
    at Object.<anonymous> (M:\AIR UNIVERSITY ISLAMABAD VIF\AIR_UNIVERSITY (---) SEMESTER\Final Year Project\learnbridge-dyslexia\backend\routes\authRoutes.js:28:8)
    at Module._compile (node:internal/modules/cjs/loader:1369:14)
    at Module._extensions..js (node:internal/modules/cjs/loader:1427:10)
    at Module.load (node:internal/modules/cjs/loader:1206:32)
    at Module._load (node:internal/modules/cjs/loader:1022:12)
    at Module.require (node:internal/modules/cjs/loader:1231:19)
    at require (node:internal/modules/helpers:179:18)
    at module.exports (M:\AIR UNIVERSITY ISLAMABAD VIF\AIR_UNIVERSITY (---) SEMESTER\Final Year Project\learnbridge-dyslexia\backend\config\routes.js:9:22)
